1596705523360	geckodriver	INFO	geckodriver 0.19.0
1596705523371	geckodriver	INFO	Listening on 127.0.0.1:8298
1596705523944	mozrunner::runner	INFO	Running command: "D:\\Program Files\\Mozilla Firefox\\firefox.exe" "-marionette" "-profile" "C:\\Users\\dingce\\AppData\\Local\\Temp\\rust_mozprofile.3taQodeTVFAL"
1596705525606	addons.xpi	WARN	Error parsing extensions state: [Exception... "Component returned failure code: 0x80520012 (NS_ERROR_FILE_NOT_FOUND) [amIAddonManagerStartup.readStartupData]"  nsresult: "0x80520012 (NS_ERROR_FILE_NOT_FOUND)"  location: "JS frame :: resource://gre/modules/addons/XPIProvider.jsm :: loadExtensionState :: line 1554"  data: no] Stack trace: loadExtensionState()@resource://gre/modules/addons/XPIProvider.jsm:1554 < getInstallState()@resource://gre/modules/addons/XPIProvider.jsm:1589 < checkForChanges()@resource://gre/modules/addons/XPIProvider.jsm:3109 < startup()@resource://gre/modules/addons/XPIProvider.jsm:2188 < callProvider()@resource://gre/modules/AddonManager.jsm:269 < _startProvider()@resource://gre/modules/AddonManager.jsm:739 < startup()@resource://gre/modules/AddonManager.jsm:906 < startup()@resource://gre/modules/AddonManager.jsm:3090 < observe()@jar:file:///D:/Program%20Files/Mozilla%20Firefox/omni.ja!/components/addonManager.js:65
1596705526573	Marionette	INFO	Enabled via --marionette
Unable to read VR Path Registry from C:\Users\dingce\AppData\Local\openvr\openvrpaths.vrpath
[Parent 4892] WARNING: pipe error: 995: file z:/build/build/src/ipc/chromium/src/chrome/common/ipc_channel_win.cc, line 464
Unable to read VR Path Registry from C:\Users\dingce\AppData\Local\openvr\openvrpaths.vrpath
[Child 11992] WARNING: pipe error: 109: file z:/build/build/src/ipc/chromium/src/chrome/common/ipc_channel_win.cc, line 346

###!!! [Parent][MessageChannel] Error: (msgtype=0x2400FC,name=PContent::Msg_AsyncMessage) Closed channel: cannot send/recv


###!!! [Parent][MessageChannel] Error: (msgtype=0x2400FC,name=PContent::Msg_AsyncMessage) Closed channel: cannot send/recv


###!!! [Parent][MessageChannel] Error: (msgtype=0x2400FC,name=PContent::Msg_AsyncMessage) Closed channel: cannot send/recv


###!!! [Parent][MessageChannel] Error: (msgtype=0x2400FC,name=PContent::Msg_AsyncMessage) Closed channel: cannot send/recv


###!!! [Parent][MessageChannel] Error: (msgtype=0x2400FC,name=PContent::Msg_AsyncMessage) Closed channel: cannot send/recv


###!!! [Parent][MessageChannel] Error: (msgtype=0x2400FC,name=PContent::Msg_AsyncMessage) Closed channel: cannot send/recv


###!!! [Parent][MessageChannel] Error: (msgtype=0x2400FC,name=PContent::Msg_AsyncMessage) Closed channel: cannot send/recv


###!!! [Parent][MessageChannel] Error: (msgtype=0x2400FC,name=PContent::Msg_AsyncMessage) Closed channel: cannot send/recv


###!!! [Parent][MessageChannel] Error: (msgtype=0x2400FC,name=PContent::Msg_AsyncMessage) Closed channel: cannot send/recv


###!!! [Parent][MessageChannel] Error: (msgtype=0x2400FC,name=PContent::Msg_AsyncMessage) Closed channel: cannot send/recv


###!!! [Parent][MessageChannel] Error: (msgtype=0x2400FC,name=PContent::Msg_AsyncMessage) Closed channel: cannot send/recv


###!!! [Parent][MessageChannel] Error: (msgtype=0x2400FC,name=PContent::Msg_AsyncMessage) Closed channel: cannot send/recv


###!!! [Parent][MessageChannel] Error: (msgtype=0x2400FC,name=PContent::Msg_AsyncMessage) Closed channel: cannot send/recv


###!!! [Parent][MessageChannel] Error: (msgtype=0x2400FC,name=PContent::Msg_AsyncMessage) Closed channel: cannot send/recv


###!!! [Parent][MessageChannel] Error: (msgtype=0x2400FC,name=PContent::Msg_AsyncMessage) Closed channel: cannot send/recv


###!!! [Parent][MessageChannel] Error: (msgtype=0x2400FC,name=PContent::Msg_AsyncMessage) Closed channel: cannot send/recv


###!!! [Parent][MessageChannel] Error: (msgtype=0x2400FC,name=PContent::Msg_AsyncMessage) Closed channel: cannot send/recv


###!!! [Parent][MessageChannel] Error: (msgtype=0x2400FC,name=PContent::Msg_AsyncMessage) Closed channel: cannot send/recv


###!!! [Parent][MessageChannel] Error: (msgtype=0x2400FC,name=PContent::Msg_AsyncMessage) Closed channel: cannot send/recv


###!!! [Parent][MessageChannel] Error: (msgtype=0x2400FC,name=PContent::Msg_AsyncMessage) Closed channel: cannot send/recv


###!!! [Parent][MessageChannel] Error: (msgtype=0x2400FC,name=PContent::Msg_AsyncMessage) Closed channel: cannot send/recv


###!!! [Parent][MessageChannel] Error: (msgtype=0x2400FC,name=PContent::Msg_AsyncMessage) Closed channel: cannot send/recv


###!!! [Parent][MessageChannel] Error: (msgtype=0x2400FC,name=PContent::Msg_AsyncMessage) Closed channel: cannot send/recv


###!!! [Parent][MessageChannel] Error: (msgtype=0x2400FC,name=PContent::Msg_AsyncMessage) Closed channel: cannot send/recv


###!!! [Parent][MessageChannel] Error: (msgtype=0x2400FC,name=PContent::Msg_AsyncMessage) Closed channel: cannot send/recv


###!!! [Parent][MessageChannel] Error: (msgtype=0x2400FC,name=PContent::Msg_AsyncMessage) Closed channel: cannot send/recv


###!!! [Parent][MessageChannel] Error: (msgtype=0x2400FC,name=PContent::Msg_AsyncMessage) Closed channel: cannot send/recv


###!!! [Parent][MessageChannel] Error: (msgtype=0x2400FC,name=PContent::Msg_AsyncMessage) Closed channel: cannot send/recv


###!!! [Parent][MessageChannel] Error: (msgtype=0x2400FC,name=PContent::Msg_AsyncMessage) Closed channel: cannot send/recv


###!!! [Parent][MessageChannel] Error: (msgtype=0x2400FC,name=PContent::Msg_AsyncMessage) Closed channel: cannot send/recv


###!!! [Parent][MessageChannel] Error: (msgtype=0x2400FC,name=PContent::Msg_AsyncMessage) Closed channel: cannot send/recv


###!!! [Parent][MessageChannel] Error: (msgtype=0x2400FC,name=PContent::Msg_AsyncMessage) Closed channel: cannot send/recv


###!!! [Parent][MessageChannel] Error: (msgtype=0x2400FC,name=PContent::Msg_AsyncMessage) Closed channel: cannot send/recv


###!!! [Parent][MessageChannel] Error: (msgtype=0x2400FC,name=PContent::Msg_AsyncMessage) Closed channel: cannot send/recv


###!!! [Parent][MessageChannel] Error: (msgtype=0x2400FC,name=PContent::Msg_AsyncMessage) Closed channel: cannot send/recv


###!!! [Parent][MessageChannel] Error: (msgtype=0x2400FC,name=PContent::Msg_AsyncMessage) Closed channel: cannot send/recv


###!!! [Parent][MessageChannel] Error: (msgtype=0x2400FC,name=PContent::Msg_AsyncMessage) Closed channel: cannot send/recv


###!!! [Parent][MessageChannel] Error: (msgtype=0x2400FC,name=PContent::Msg_AsyncMessage) Closed channel: cannot send/recv


###!!! [Parent][MessageChannel] Error: (msgtype=0x2400FC,name=PContent::Msg_AsyncMessage) Closed channel: cannot send/recv


###!!! [Parent][MessageChannel] Error: (msgtype=0x2400FC,name=PContent::Msg_AsyncMessage) Closed channel: cannot send/recv

1596705530056	Marionette	INFO	Listening on port 8303
1596705530479	Marionette	WARN	TLS certificate errors will be ignored for this session
1596705530543	Marionette	DEBUG	Register listener.js for window 6442450945
1596705530600	Marionette	DEBUG	Received DOM event "beforeunload" for "about:blank"
1596705530740	Marionette	DEBUG	Received DOM event "pagehide" for "about:blank"
1596705530741	Marionette	DEBUG	Received DOM event "unload" for "about:blank"
1596705532426	Marionette	DEBUG	Received DOM event "DOMContentLoaded" for "https://www.baidu.com/"
1596705532522	Marionette	DEBUG	Received DOM event "pageshow" for "https://www.baidu.com/"
1596705536432	Marionette	DEBUG	Canceled page load listener because no navigation has been detected
1596705540625	Marionette	INFO	New connections will no longer be accepted
1596705541186	geckodriver	INFO	geckodriver 0.19.0
1596705541202	geckodriver	INFO	Listening on 127.0.0.1:8402
1596705541745	mozrunner::runner	INFO	Running command: "D:\\Program Files\\Mozilla Firefox\\firefox.exe" "-marionette" "-profile" "C:\\Users\\dingce\\AppData\\Local\\Temp\\rust_mozprofile.1UUrGzRbbaLq"
1596705543590	addons.xpi	WARN	Error parsing extensions state: [Exception... "Component returned failure code: 0x80520012 (NS_ERROR_FILE_NOT_FOUND) [amIAddonManagerStartup.readStartupData]"  nsresult: "0x80520012 (NS_ERROR_FILE_NOT_FOUND)"  location: "JS frame :: resource://gre/modules/addons/XPIProvider.jsm :: loadExtensionState :: line 1554"  data: no] Stack trace: loadExtensionState()@resource://gre/modules/addons/XPIProvider.jsm:1554 < getInstallState()@resource://gre/modules/addons/XPIProvider.jsm:1589 < checkForChanges()@resource://gre/modules/addons/XPIProvider.jsm:3109 < startup()@resource://gre/modules/addons/XPIProvider.jsm:2188 < callProvider()@resource://gre/modules/AddonManager.jsm:269 < _startProvider()@resource://gre/modules/AddonManager.jsm:739 < startup()@resource://gre/modules/AddonManager.jsm:906 < startup()@resource://gre/modules/AddonManager.jsm:3090 < observe()@jar:file:///D:/Program%20Files/Mozilla%20Firefox/omni.ja!/components/addonManager.js:65
1596705544789	Marionette	INFO	Enabled via --marionette
Unable to read VR Path Registry from C:\Users\dingce\AppData\Local\openvr\openvrpaths.vrpath
[Child 10796] WARNING: pipe error: 109: file z:/build/build/src/ipc/chromium/src/chrome/common/ipc_channel_win.cc, line 346
1596705548278	Marionette	INFO	Listening on port 8407
1596705548405	Marionette	WARN	TLS certificate errors will be ignored for this session
1596705548495	Marionette	DEBUG	Register listener.js for window 4294967297
1596705548600	Marionette	DEBUG	Received DOM event "beforeunload" for "about:blank"
1596705548832	Marionette	DEBUG	Received DOM event "pagehide" for "about:blank"
1596705548832	Marionette	DEBUG	Received DOM event "unload" for "about:blank"
1596705550227	Marionette	DEBUG	Received DOM event "DOMContentLoaded" for "https://www.baidu.com/"
1596705550391	Marionette	DEBUG	Received DOM event "pageshow" for "https://www.baidu.com/"
1596705554223	Marionette	DEBUG	Canceled page load listener because no navigation has been detected
1596705558396	Marionette	INFO	New connections will no longer be accepted
1596705691311	geckodriver	INFO	geckodriver 0.19.0
1596705691330	geckodriver	INFO	Listening on 127.0.0.1:8526
1596705691770	mozrunner::runner	INFO	Running command: "D:\\Program Files\\Mozilla Firefox\\firefox.exe" "-marionette" "-profile" "C:\\Users\\dingce\\AppData\\Local\\Temp\\rust_mozprofile.3LMPWg93zmYO"
1596705693459	addons.xpi	WARN	Error parsing extensions state: [Exception... "Component returned failure code: 0x80520012 (NS_ERROR_FILE_NOT_FOUND) [amIAddonManagerStartup.readStartupData]"  nsresult: "0x80520012 (NS_ERROR_FILE_NOT_FOUND)"  location: "JS frame :: resource://gre/modules/addons/XPIProvider.jsm :: loadExtensionState :: line 1554"  data: no] Stack trace: loadExtensionState()@resource://gre/modules/addons/XPIProvider.jsm:1554 < getInstallState()@resource://gre/modules/addons/XPIProvider.jsm:1589 < checkForChanges()@resource://gre/modules/addons/XPIProvider.jsm:3109 < startup()@resource://gre/modules/addons/XPIProvider.jsm:2188 < callProvider()@resource://gre/modules/AddonManager.jsm:269 < _startProvider()@resource://gre/modules/AddonManager.jsm:739 < startup()@resource://gre/modules/AddonManager.jsm:906 < startup()@resource://gre/modules/AddonManager.jsm:3090 < observe()@jar:file:///D:/Program%20Files/Mozilla%20Firefox/omni.ja!/components/addonManager.js:65
1596705694413	Marionette	INFO	Enabled via --marionette
Unable to read VR Path Registry from C:\Users\dingce\AppData\Local\openvr\openvrpaths.vrpath
[Child 11928] WARNING: pipe error: 109: file z:/build/build/src/ipc/chromium/src/chrome/common/ipc_channel_win.cc, line 346
[Child 11928] WARNING: pipe error: 109: file z:/build/build/src/ipc/chromium/src/chrome/common/ipc_channel_win.cc, line 346
1596705698172	Marionette	INFO	Listening on port 8531
1596705698329	Marionette	WARN	TLS certificate errors will be ignored for this session
1596705698438	Marionette	DEBUG	Register listener.js for window 4294967297
1596705698538	Marionette	DEBUG	Received DOM event "beforeunload" for "about:blank"
1596705698676	Marionette	DEBUG	Received DOM event "pagehide" for "about:blank"
1596705698677	Marionette	DEBUG	Received DOM event "unload" for "about:blank"
1596705700296	Marionette	DEBUG	Received DOM event "DOMContentLoaded" for "https://www.baidu.com/"
1596705700403	Marionette	DEBUG	Received DOM event "pageshow" for "https://www.baidu.com/"
1596705704250	Marionette	DEBUG	Canceled page load listener because no navigation has been detected
1596705708441	Marionette	INFO	New connections will no longer be accepted
1596705709464	geckodriver	INFO	geckodriver 0.19.0
1596705709479	geckodriver	INFO	Listening on 127.0.0.1:8630
1596705710046	mozrunner::runner	INFO	Running command: "D:\\Program Files\\Mozilla Firefox\\firefox.exe" "-marionette" "-profile" "C:\\Users\\dingce\\AppData\\Local\\Temp\\rust_mozprofile.XuuVBfDXw6CW"
1596705710367	addons.xpi	WARN	Error parsing extensions state: [Exception... "Component returned failure code: 0x80520012 (NS_ERROR_FILE_NOT_FOUND) [amIAddonManagerStartup.readStartupData]"  nsresult: "0x80520012 (NS_ERROR_FILE_NOT_FOUND)"  location: "JS frame :: resource://gre/modules/addons/XPIProvider.jsm :: loadExtensionState :: line 1554"  data: no] Stack trace: loadExtensionState()@resource://gre/modules/addons/XPIProvider.jsm:1554 < getInstallState()@resource://gre/modules/addons/XPIProvider.jsm:1589 < checkForChanges()@resource://gre/modules/addons/XPIProvider.jsm:3109 < startup()@resource://gre/modules/addons/XPIProvider.jsm:2188 < callProvider()@resource://gre/modules/AddonManager.jsm:269 < _startProvider()@resource://gre/modules/AddonManager.jsm:739 < startup()@resource://gre/modules/AddonManager.jsm:906 < startup()@resource://gre/modules/AddonManager.jsm:3090 < observe()@jar:file:///D:/Program%20Files/Mozilla%20Firefox/omni.ja!/components/addonManager.js:65
1596705711314	Marionette	INFO	Enabled via --marionette
Unable to read VR Path Registry from C:\Users\dingce\AppData\Local\openvr\openvrpaths.vrpath
[Child 4616] WARNING: pipe error: 109: file z:/build/build/src/ipc/chromium/src/chrome/common/ipc_channel_win.cc, line 346
[Child 4616] WARNING: pipe error: 109: file z:/build/build/src/ipc/chromium/src/chrome/common/ipc_channel_win.cc, line 346
1596705714951	Marionette	INFO	Listening on port 8635
1596705715047	Marionette	WARN	TLS certificate errors will be ignored for this session
1596705715120	Marionette	DEBUG	Register listener.js for window 4294967297
1596705715206	Marionette	DEBUG	Received DOM event "beforeunload" for "about:blank"
1596705715334	Marionette	DEBUG	Received DOM event "pagehide" for "about:blank"
1596705715335	Marionette	DEBUG	Received DOM event "unload" for "about:blank"
1596705716677	Marionette	DEBUG	Received DOM event "DOMContentLoaded" for "https://www.baidu.com/"
1596705716814	Marionette	DEBUG	Received DOM event "pageshow" for "https://www.baidu.com/"
1596705720642	Marionette	DEBUG	Canceled page load listener because no navigation has been detected
1596705724834	Marionette	INFO	New connections will no longer be accepted
1596767502909	geckodriver	INFO	geckodriver 0.19.0
1596767502974	geckodriver	INFO	Listening on 127.0.0.1:2433
1596767504370	mozrunner::runner	INFO	Running command: "D:\\Program Files\\Mozilla Firefox\\firefox.exe" "-marionette" "-profile" "C:\\Users\\dingce\\AppData\\Local\\Temp\\rust_mozprofile.T5g19OUf2uY7"
1596767513286	addons.xpi	WARN	Error parsing extensions state: [Exception... "Component returned failure code: 0x80520012 (NS_ERROR_FILE_NOT_FOUND) [amIAddonManagerStartup.readStartupData]"  nsresult: "0x80520012 (NS_ERROR_FILE_NOT_FOUND)"  location: "JS frame :: resource://gre/modules/addons/XPIProvider.jsm :: loadExtensionState :: line 1554"  data: no] Stack trace: loadExtensionState()@resource://gre/modules/addons/XPIProvider.jsm:1554 < getInstallState()@resource://gre/modules/addons/XPIProvider.jsm:1589 < checkForChanges()@resource://gre/modules/addons/XPIProvider.jsm:3109 < startup()@resource://gre/modules/addons/XPIProvider.jsm:2188 < callProvider()@resource://gre/modules/AddonManager.jsm:269 < _startProvider()@resource://gre/modules/AddonManager.jsm:739 < startup()@resource://gre/modules/AddonManager.jsm:906 < startup()@resource://gre/modules/AddonManager.jsm:3090 < observe()@jar:file:///D:/Program%20Files/Mozilla%20Firefox/omni.ja!/components/addonManager.js:65
1596767515453	Marionette	INFO	Enabled via --marionette
Unable to read VR Path Registry from C:\Users\dingce\AppData\Local\openvr\openvrpaths.vrpath
[Parent 8984] WARNING: pipe error: 109: file z:/build/build/src/ipc/chromium/src/chrome/common/ipc_channel_win.cc, line 346
Unable to read VR Path Registry from C:\Users\dingce\AppData\Local\openvr\openvrpaths.vrpath
[Child 8204] WARNING: pipe error: 109: file z:/build/build/src/ipc/chromium/src/chrome/common/ipc_channel_win.cc, line 346
[Child 8204] WARNING: pipe error: 109: file z:/build/build/src/ipc/chromium/src/chrome/common/ipc_channel_win.cc, line 346
1596767546057	Marionette	INFO	Listening on port 2441
1596767546338	Marionette	WARN	TLS certificate errors will be ignored for this session
1596767546430	Marionette	DEBUG	Register listener.js for window 6442450945
1596767546804	Marionette	DEBUG	Received DOM event "beforeunload" for "about:blank"
1596767547561	Marionette	DEBUG	Received DOM event "pagehide" for "about:blank"
1596767547562	Marionette	DEBUG	Received DOM event "unload" for "about:blank"
1596767554746	Marionette	DEBUG	Received DOM event "DOMContentLoaded" for "https://www.baidu.com/"
1596767555498	Marionette	DEBUG	Received DOM event "pageshow" for "https://www.baidu.com/"
1596767560336	Marionette	DEBUG	Canceled page load listener because no navigation has been detected
1596767564836	Marionette	INFO	New connections will no longer be accepted
[Parent 8984] WARNING: pipe error: 109: file z:/build/build/src/ipc/chromium/src/chrome/common/ipc_channel_win.cc, line 346
1596767565911	geckodriver	INFO	geckodriver 0.19.0
1596767565923	geckodriver	INFO	Listening on 127.0.0.1:2578
1596767566486	mozrunner::runner	INFO	Running command: "D:\\Program Files\\Mozilla Firefox\\firefox.exe" "-marionette" "-profile" "C:\\Users\\dingce\\AppData\\Local\\Temp\\rust_mozprofile.fXxELk8HTOVe"
1596767570080	addons.xpi	WARN	Error parsing extensions state: [Exception... "Component returned failure code: 0x80520012 (NS_ERROR_FILE_NOT_FOUND) [amIAddonManagerStartup.readStartupData]"  nsresult: "0x80520012 (NS_ERROR_FILE_NOT_FOUND)"  location: "JS frame :: resource://gre/modules/addons/XPIProvider.jsm :: loadExtensionState :: line 1554"  data: no] Stack trace: loadExtensionState()@resource://gre/modules/addons/XPIProvider.jsm:1554 < getInstallState()@resource://gre/modules/addons/XPIProvider.jsm:1589 < checkForChanges()@resource://gre/modules/addons/XPIProvider.jsm:3109 < startup()@resource://gre/modules/addons/XPIProvider.jsm:2188 < callProvider()@resource://gre/modules/AddonManager.jsm:269 < _startProvider()@resource://gre/modules/AddonManager.jsm:739 < startup()@resource://gre/modules/AddonManager.jsm:906 < startup()@resource://gre/modules/AddonManager.jsm:3090 < observe()@jar:file:///D:/Program%20Files/Mozilla%20Firefox/omni.ja!/components/addonManager.js:65
1596767571125	Marionette	INFO	Enabled via --marionette
Unable to read VR Path Registry from C:\Users\dingce\AppData\Local\openvr\openvrpaths.vrpath
[Child 10052] WARNING: pipe error: 109: file z:/build/build/src/ipc/chromium/src/chrome/common/ipc_channel_win.cc, line 346

###!!! [Child][MessageChannel] Error: (msgtype=0x2400FC,name=PContent::Msg_AsyncMessage) Channel closing: too late to send/recv, messages will be lost

JavaScript error: jar:file:///D:/Program%20Files/Mozilla%20Firefox/omni.ja!/components/extension-process-script.js, line 339: NS_ERROR_UNEXPECTED: Component returned failure code: 0x8000ffff (NS_ERROR_UNEXPECTED) [nsIMessageSender.sendAsyncMessage]
1596767574531	Marionette	INFO	Listening on port 2583
1596767574726	Marionette	WARN	TLS certificate errors will be ignored for this session
1596767574786	Marionette	DEBUG	Register listener.js for window 4294967297
1596767574835	Marionette	DEBUG	Received DOM event "beforeunload" for "about:blank"
1596767574958	Marionette	DEBUG	Received DOM event "pagehide" for "about:blank"
1596767574958	Marionette	DEBUG	Received DOM event "unload" for "about:blank"
1596767577061	Marionette	DEBUG	Received DOM event "DOMContentLoaded" for "https://www.baidu.com/"
1596767577156	Marionette	DEBUG	Received DOM event "pageshow" for "https://www.baidu.com/"
1596767581070	Marionette	DEBUG	Canceled page load listener because no navigation has been detected
1596767585244	Marionette	INFO	New connections will no longer be accepted
1596771772028	geckodriver	INFO	geckodriver 0.19.0
1596771772055	geckodriver	INFO	Listening on 127.0.0.1:3181
1596771772215	mozrunner::runner	INFO	Running command: "D:\\Program Files\\Mozilla Firefox\\firefox.exe" "-marionette" "-profile" "C:\\Users\\dingce\\AppData\\Local\\Temp\\rust_mozprofile.T0TXbo1uPBNP"
1596771775165	addons.xpi	WARN	Error parsing extensions state: [Exception... "Component returned failure code: 0x80520012 (NS_ERROR_FILE_NOT_FOUND) [amIAddonManagerStartup.readStartupData]"  nsresult: "0x80520012 (NS_ERROR_FILE_NOT_FOUND)"  location: "JS frame :: resource://gre/modules/addons/XPIProvider.jsm :: loadExtensionState :: line 1554"  data: no] Stack trace: loadExtensionState()@resource://gre/modules/addons/XPIProvider.jsm:1554 < getInstallState()@resource://gre/modules/addons/XPIProvider.jsm:1589 < checkForChanges()@resource://gre/modules/addons/XPIProvider.jsm:3109 < startup()@resource://gre/modules/addons/XPIProvider.jsm:2188 < callProvider()@resource://gre/modules/AddonManager.jsm:269 < _startProvider()@resource://gre/modules/AddonManager.jsm:739 < startup()@resource://gre/modules/AddonManager.jsm:906 < startup()@resource://gre/modules/AddonManager.jsm:3090 < observe()@jar:file:///D:/Program%20Files/Mozilla%20Firefox/omni.ja!/components/addonManager.js:65
1596771776373	Marionette	INFO	Enabled via --marionette
Unable to read VR Path Registry from C:\Users\dingce\AppData\Local\openvr\openvrpaths.vrpath
[Child 9972] WARNING: pipe error: 109: file z:/build/build/src/ipc/chromium/src/chrome/common/ipc_channel_win.cc, line 346

###!!! [Parent][MessageChannel] Error: (msgtype=0x2400FC,name=PContent::Msg_AsyncMessage) Closed channel: cannot send/recv

1596771780463	Marionette	INFO	Listening on port 3186
1596771780491	Marionette	WARN	TLS certificate errors will be ignored for this session
1596771780573	Marionette	DEBUG	Register listener.js for window 4294967297
1596771780676	Marionette	DEBUG	Received DOM event "beforeunload" for "about:blank"
1596771780811	Marionette	DEBUG	Received DOM event "pagehide" for "about:blank"
1596771780811	Marionette	DEBUG	Received DOM event "unload" for "about:blank"
1596771783215	Marionette	DEBUG	Received DOM event "DOMContentLoaded" for "https://www.baidu.com/"
1596771783339	Marionette	DEBUG	Received DOM event "pageshow" for "https://www.baidu.com/"
1596771787338	Marionette	DEBUG	Canceled page load listener because no navigation has been detected
1596771791536	Marionette	INFO	New connections will no longer be accepted
1596771792195	geckodriver	INFO	geckodriver 0.19.0
1596771792210	geckodriver	INFO	Listening on 127.0.0.1:3296
1596771792746	mozrunner::runner	INFO	Running command: "D:\\Program Files\\Mozilla Firefox\\firefox.exe" "-marionette" "-profile" "C:\\Users\\dingce\\AppData\\Local\\Temp\\rust_mozprofile.tXxxbPQF9twH"
1596771794278	addons.xpi	WARN	Error parsing extensions state: [Exception... "Component returned failure code: 0x80520012 (NS_ERROR_FILE_NOT_FOUND) [amIAddonManagerStartup.readStartupData]"  nsresult: "0x80520012 (NS_ERROR_FILE_NOT_FOUND)"  location: "JS frame :: resource://gre/modules/addons/XPIProvider.jsm :: loadExtensionState :: line 1554"  data: no] Stack trace: loadExtensionState()@resource://gre/modules/addons/XPIProvider.jsm:1554 < getInstallState()@resource://gre/modules/addons/XPIProvider.jsm:1589 < checkForChanges()@resource://gre/modules/addons/XPIProvider.jsm:3109 < startup()@resource://gre/modules/addons/XPIProvider.jsm:2188 < callProvider()@resource://gre/modules/AddonManager.jsm:269 < _startProvider()@resource://gre/modules/AddonManager.jsm:739 < startup()@resource://gre/modules/AddonManager.jsm:906 < startup()@resource://gre/modules/AddonManager.jsm:3090 < observe()@jar:file:///D:/Program%20Files/Mozilla%20Firefox/omni.ja!/components/addonManager.js:65
1596771795310	Marionette	INFO	Enabled via --marionette
Unable to read VR Path Registry from C:\Users\dingce\AppData\Local\openvr\openvrpaths.vrpath
[Child 6868] WARNING: pipe error: 109: file z:/build/build/src/ipc/chromium/src/chrome/common/ipc_channel_win.cc, line 346
1596771799491	Marionette	INFO	Listening on port 3301
1596771800070	Marionette	WARN	TLS certificate errors will be ignored for this session
1596771800155	Marionette	DEBUG	Register listener.js for window 4294967297
1596771800242	Marionette	DEBUG	Received DOM event "beforeunload" for "about:blank"
1596771800374	Marionette	DEBUG	Received DOM event "pagehide" for "about:blank"
1596771800374	Marionette	DEBUG	Received DOM event "unload" for "about:blank"
1596771801998	Marionette	DEBUG	Received DOM event "DOMContentLoaded" for "https://www.baidu.com/"
1596771802168	Marionette	DEBUG	Received DOM event "pageshow" for "https://www.baidu.com/"
1596771806175	Marionette	DEBUG	Canceled page load listener because no navigation has been detected
1596771810379	Marionette	INFO	New connections will no longer be accepted
Unable to read VR Path Registry from C:\Users\dingce\AppData\Local\openvr\openvrpaths.vrpath
[Parent 2832] WARNING: pipe error: 109: file z:/build/build/src/ipc/chromium/src/chrome/common/ipc_channel_win.cc, line 346
